TN:
SF:src/app.ts
FN:36,(anonymous_1)
FN:79,(anonymous_2)
FN:102,(anonymous_3)
FN:112,(anonymous_4)
FNF:4
FNH:2
FNDA:51,(anonymous_1)
FNDA:41,(anonymous_2)
FNDA:0,(anonymous_3)
FNDA:0,(anonymous_4)
DA:1,6
DA:2,6
DA:3,6
DA:4,6
DA:6,6
DA:7,6
DA:8,6
DA:17,6
DA:20,6
DA:23,6
DA:31,6
DA:34,6
DA:37,51
DA:44,51
DA:46,0
DA:47,0
DA:49,0
DA:61,6
DA:64,6
DA:67,6
DA:70,6
DA:73,6
DA:76,6
DA:84,6
DA:93,6
DA:96,6
DA:99,6
DA:102,6
DA:103,0
DA:111,6
DA:118,0
DA:119,0
DA:123,6
LF:33
LH:27
BRDA:38,0,0,51
BRDA:38,0,1,0
BRDA:44,1,0,51
BRDA:46,2,0,0
BRDA:46,2,1,0
BRF:5
BRH:2
end_of_record
TN:
SF:src/server.ts
FN:10,startServer
FN:13,(anonymous_2)
FN:27,(anonymous_3)
FN:30,(anonymous_4)
FNF:4
FNH:0
FNDA:0,startServer
FNDA:0,(anonymous_2)
FNDA:0,(anonymous_3)
FNDA:0,(anonymous_4)
DA:1,0
DA:2,0
DA:3,0
DA:6,0
DA:8,0
DA:11,0
DA:13,0
DA:14,0
DA:15,0
DA:18,0
DA:21,0
DA:22,0
DA:26,0
DA:28,0
DA:31,0
DA:37,0
DA:38,0
DA:42,0
LF:18
LH:0
BRDA:8,0,0,0
BRDA:8,0,1,0
BRDA:21,1,0,0
BRDA:21,1,1,0
BRF:4
BRH:0
end_of_record
TN:
SF:src/config/security.ts
FNF:0
FNH:0
DA:1,9
DA:92,9
LF:2
LH:2
BRDA:21,0,0,9
BRDA:21,0,1,0
BRDA:78,1,0,9
BRDA:78,1,1,9
BRDA:79,2,0,9
BRDA:79,2,1,9
BRF:6
BRH:5
end_of_record
TN:
SF:src/controllers/analyticsController.ts
FN:21,(anonymous_0)
FN:101,(anonymous_1)
FN:181,(anonymous_2)
FN:261,(anonymous_3)
FNF:4
FNH:0
FNDA:0,(anonymous_0)
FNDA:0,(anonymous_1)
FNDA:0,(anonymous_2)
FNDA:0,(anonymous_3)
DA:2,8
DA:7,8
DA:9,8
DA:12,8
DA:17,8
DA:22,0
DA:23,0
DA:24,0
DA:29,0
DA:33,0
DA:34,0
DA:35,0
DA:41,0
DA:46,0
DA:58,0
DA:63,0
DA:68,0
DA:72,0
DA:77,0
DA:86,0
DA:87,0
DA:102,0
DA:103,0
DA:104,0
DA:109,0
DA:113,0
DA:114,0
DA:115,0
DA:121,0
DA:126,0
DA:138,0
DA:143,0
DA:148,0
DA:152,0
DA:157,0
DA:166,0
DA:167,0
DA:182,0
DA:183,0
DA:184,0
DA:189,0
DA:193,0
DA:194,0
DA:195,0
DA:201,0
DA:206,0
DA:218,0
DA:223,0
DA:228,0
DA:232,0
DA:237,0
DA:246,0
DA:247,0
DA:262,0
DA:263,0
DA:264,0
DA:269,0
DA:272,0
DA:274,0
DA:279,0
DA:280,0
LF:61
LH:5
BRDA:23,0,0,0
BRDA:34,1,0,0
BRDA:46,2,0,0
BRDA:46,2,1,0
BRDA:46,3,0,0
BRDA:46,3,1,0
BRDA:48,4,0,0
BRDA:48,4,1,0
BRDA:51,5,0,0
BRDA:51,5,1,0
BRDA:58,6,0,0
BRDA:59,7,0,0
BRDA:59,7,1,0
BRDA:59,7,2,0
BRDA:81,8,0,0
BRDA:81,8,1,0
BRDA:90,9,0,0
BRDA:90,9,1,0
BRDA:103,10,0,0
BRDA:114,11,0,0
BRDA:126,12,0,0
BRDA:126,12,1,0
BRDA:126,13,0,0
BRDA:126,13,1,0
BRDA:128,14,0,0
BRDA:128,14,1,0
BRDA:131,15,0,0
BRDA:131,15,1,0
BRDA:138,16,0,0
BRDA:139,17,0,0
BRDA:139,17,1,0
BRDA:139,17,2,0
BRDA:161,18,0,0
BRDA:161,18,1,0
BRDA:170,19,0,0
BRDA:170,19,1,0
BRDA:183,20,0,0
BRDA:194,21,0,0
BRDA:206,22,0,0
BRDA:206,22,1,0
BRDA:206,23,0,0
BRDA:206,23,1,0
BRDA:208,24,0,0
BRDA:208,24,1,0
BRDA:211,25,0,0
BRDA:211,25,1,0
BRDA:218,26,0,0
BRDA:219,27,0,0
BRDA:219,27,1,0
BRDA:219,27,2,0
BRDA:241,28,0,0
BRDA:241,28,1,0
BRDA:250,29,0,0
BRDA:250,29,1,0
BRDA:263,30,0,0
BRDA:282,31,0,0
BRDA:282,31,1,0
BRF:57
BRH:0
end_of_record
TN:
SF:src/controllers/authController.ts
FN:23,(anonymous_0)
FN:65,(anonymous_1)
FN:105,(anonymous_2)
FN:132,(anonymous_3)
FN:171,(anonymous_4)
FN:206,(anonymous_5)
FN:258,(anonymous_6)
FN:270,(anonymous_7)
FNF:8
FNH:2
FNDA:10,(anonymous_0)
FNDA:9,(anonymous_1)
FNDA:0,(anonymous_2)
FNDA:0,(anonymous_3)
FNDA:0,(anonymous_4)
FNDA:0,(anonymous_5)
FNDA:0,(anonymous_6)
FNDA:0,(anonymous_7)
DA:2,8
DA:4,8
DA:17,8
DA:19,8
DA:24,10
DA:26,10
DA:29,10
DA:31,7
DA:40,3
DA:41,3
DA:45,1
DA:50,1
DA:54,2
DA:66,9
DA:68,9
DA:71,9
DA:73,4
DA:82,5
DA:86,5
DA:91,5
DA:94,0
DA:106,0
DA:108,0
DA:113,0
DA:115,0
DA:121,0
DA:133,0
DA:134,0
DA:135,0
DA:140,0
DA:143,0
DA:145,0
DA:146,0
DA:151,0
DA:154,0
DA:159,0
DA:172,0
DA:173,0
DA:174,0
DA:179,0
DA:184,0
DA:187,0
DA:189,0
DA:195,0
DA:207,0
DA:208,0
DA:209,0
DA:214,0
DA:218,0
DA:223,0
DA:229,0
DA:234,0
DA:238,0
DA:243,0
DA:246,0
DA:261,0
DA:271,0
DA:272,0
DA:273,0
DA:278,0
DA:281,0
DA:283,0
DA:288,0
LF:63
LH:20
BRDA:40,0,0,3
BRDA:41,1,0,1
BRDA:42,2,0,3
BRDA:42,2,1,2
BRDA:56,3,0,2
BRDA:56,3,1,0
BRDA:82,4,0,5
BRDA:83,5,0,5
BRDA:83,5,1,5
BRDA:96,6,0,0
BRDA:96,6,1,0
BRDA:123,7,0,0
BRDA:123,7,1,0
BRDA:134,8,0,0
BRDA:145,9,0,0
BRDA:162,10,0,0
BRDA:162,10,1,0
BRDA:173,11,0,0
BRDA:197,12,0,0
BRDA:197,12,1,0
BRDA:208,13,0,0
BRDA:234,14,0,0
BRDA:235,15,0,0
BRDA:235,15,1,0
BRDA:249,16,0,0
BRDA:249,16,1,0
BRDA:272,17,0,0
BRDA:291,18,0,0
BRDA:291,18,1,0
BRF:29
BRH:8
end_of_record
TN:
SF:src/controllers/performanceController.ts
FN:9,(anonymous_0)
FN:42,(anonymous_1)
FN:86,(anonymous_2)
FNF:3
FNH:0
FNDA:0,(anonymous_0)
FNDA:0,(anonymous_1)
FNDA:0,(anonymous_2)
DA:2,0
DA:5,0
DA:10,0
DA:12,0
DA:13,0
DA:18,0
DA:21,0
DA:23,0
DA:28,0
DA:43,0
DA:44,0
DA:45,0
DA:50,0
DA:53,0
DA:55,0
DA:56,0
DA:61,0
DA:64,0
DA:70,0
DA:75,0
DA:87,0
DA:88,0
DA:89,0
DA:94,0
DA:97,0
DA:99,0
DA:100,0
DA:105,0
DA:108,0
DA:114,0
DA:119,0
LF:31
LH:0
BRDA:12,0,0,0
BRDA:31,1,0,0
BRDA:31,1,1,0
BRDA:44,2,0,0
BRDA:55,3,0,0
BRDA:55,4,0,0
BRDA:55,4,1,0
BRDA:55,4,2,0
BRDA:77,5,0,0
BRDA:77,5,1,0
BRDA:88,6,0,0
BRDA:99,7,0,0
BRDA:99,8,0,0
BRDA:99,8,1,0
BRDA:99,8,2,0
BRDA:122,9,0,0
BRDA:122,9,1,0
BRF:17
BRH:0
end_of_record
TN:
SF:src/controllers/projectController.ts
FN:25,(anonymous_0)
FN:68,(anonymous_1)
FN:108,(anonymous_2)
FN:150,(anonymous_3)
FN:210,(anonymous_4)
FN:263,(anonymous_5)
FN:340,(anonymous_6)
FN:411,(anonymous_7)
FNF:8
FNH:1
FNDA:0,(anonymous_0)
FNDA:1,(anonymous_1)
FNDA:0,(anonymous_2)
FNDA:0,(anonymous_3)
FNDA:0,(anonymous_4)
FNDA:0,(anonymous_5)
FNDA:0,(anonymous_6)
FNDA:0,(anonymous_7)
DA:2,8
DA:4,8
DA:19,8
DA:21,8
DA:26,0
DA:27,0
DA:28,0
DA:33,0
DA:37,0
DA:42,0
DA:48,0
DA:50,0
DA:56,0
DA:69,1
DA:70,1
DA:71,0
DA:76,0
DA:80,1
DA:85,1
DA:90,1
DA:96,0
DA:109,0
DA:110,0
DA:111,0
DA:116,0
DA:120,0
DA:123,0
DA:125,0
DA:126,0
DA:131,0
DA:134,0
DA:139,0
DA:151,0
DA:152,0
DA:153,0
DA:158,0
DA:162,0
DA:163,0
DA:168,0
DA:174,0
DA:180,0
DA:181,0
DA:182,0
DA:187,0
DA:189,0
DA:190,0
DA:195,0
DA:199,0
DA:211,0
DA:212,0
DA:213,0
DA:218,0
DA:222,0
DA:225,0
DA:227,0
DA:232,0
DA:233,0
DA:234,0
DA:239,0
DA:241,0
DA:242,0
DA:247,0
DA:251,0
DA:264,0
DA:265,0
DA:266,0
DA:271,0
DA:275,0
DA:276,0
DA:281,0
DA:288,0
DA:294,0
DA:295,0
DA:296,0
DA:301,0
DA:303,0
DA:304,0
DA:309,0
DA:311,0
DA:312,0
DA:317,0
DA:319,0
DA:320,0
DA:325,0
DA:329,0
DA:341,0
DA:342,0
DA:343,0
DA:348,0
DA:352,0
DA:354,0
DA:357,0
DA:364,0
DA:370,0
DA:371,0
DA:372,0
DA:377,0
DA:379,0
DA:380,0
DA:385,0
DA:387,0
DA:388,0
DA:393,0
DA:397,0
DA:412,0
DA:413,0
DA:414,0
DA:419,0
DA:423,0
DA:426,0
DA:428,0
DA:433,0
DA:434,0
DA:435,0
DA:440,0
DA:442,0
DA:443,0
DA:448,0
DA:450,0
DA:451,0
DA:456,0
DA:460,0
LF:122
LH:9
BRDA:27,0,0,0
BRDA:59,1,0,0
BRDA:59,1,1,0
BRDA:70,2,0,0
BRDA:99,3,0,0
BRDA:99,3,1,0
BRDA:110,4,0,0
BRDA:125,5,0,0
BRDA:141,6,0,0
BRDA:141,6,1,0
BRDA:152,7,0,0
BRDA:180,8,0,0
BRDA:181,9,0,0
BRDA:189,10,0,0
BRDA:201,11,0,0
BRDA:201,11,1,0
BRDA:212,12,0,0
BRDA:232,13,0,0
BRDA:233,14,0,0
BRDA:241,15,0,0
BRDA:254,16,0,0
BRDA:254,16,1,0
BRDA:265,17,0,0
BRDA:294,18,0,0
BRDA:295,19,0,0
BRDA:303,20,0,0
BRDA:311,21,0,0
BRDA:319,22,0,0
BRDA:331,23,0,0
BRDA:331,23,1,0
BRDA:342,24,0,0
BRDA:370,25,0,0
BRDA:371,26,0,0
BRDA:379,27,0,0
BRDA:387,28,0,0
BRDA:400,29,0,0
BRDA:400,29,1,0
BRDA:413,30,0,0
BRDA:433,31,0,0
BRDA:434,32,0,0
BRDA:442,33,0,0
BRDA:450,34,0,0
BRDA:463,35,0,0
BRDA:463,35,1,0
BRF:44
BRH:0
end_of_record
TN:
SF:src/controllers/taskController.ts
FN:27,(anonymous_0)
FN:67,(anonymous_1)
FN:124,(anonymous_2)
FN:166,(anonymous_3)
FN:224,(anonymous_4)
FN:285,(anonymous_5)
FN:343,(anonymous_6)
FNF:7
FNH:0
FNDA:0,(anonymous_0)
FNDA:0,(anonymous_1)
FNDA:0,(anonymous_2)
FNDA:0,(anonymous_3)
FNDA:0,(anonymous_4)
FNDA:0,(anonymous_5)
FNDA:0,(anonymous_6)
DA:2,8
DA:4,8
DA:5,8
DA:14,8
DA:21,8
DA:23,8
DA:28,0
DA:29,0
DA:30,0
DA:35,0
DA:39,0
DA:42,0
DA:48,0
DA:50,0
DA:56,0
DA:68,0
DA:69,0
DA:70,0
DA:75,0
DA:79,0
DA:82,0
DA:85,0
DA:86,0
DA:88,0
DA:94,0
DA:95,0
DA:96,0
DA:101,0
DA:103,0
DA:104,0
DA:109,0
DA:113,0
DA:125,0
DA:126,0
DA:127,0
DA:132,0
DA:136,0
DA:139,0
DA:141,0
DA:142,0
DA:147,0
DA:150,0
DA:155,0
DA:167,0
DA:168,0
DA:169,0
DA:174,0
DA:178,0
DA:179,0
DA:182,0
DA:185,0
DA:186,0
DA:188,0
DA:194,0
DA:195,0
DA:196,0
DA:201,0
DA:203,0
DA:204,0
DA:209,0
DA:213,0
DA:225,0
DA:226,0
DA:227,0
DA:232,0
DA:236,0
DA:239,0
DA:242,0
DA:245,0
DA:246,0
DA:247,0
DA:250,0
DA:255,0
DA:256,0
DA:257,0
DA:262,0
DA:264,0
DA:265,0
DA:270,0
DA:274,0
DA:286,0
DA:287,0
DA:288,0
DA:293,0
DA:297,0
DA:300,0
DA:306,0
DA:313,0
DA:315,0
DA:321,0
DA:322,0
DA:323,0
DA:328,0
DA:332,0
DA:344,0
DA:345,0
DA:346,0
DA:351,0
DA:355,0
DA:358,0
DA:364,0
DA:371,0
DA:377,0
DA:378,0
DA:379,0
DA:384,0
DA:388,0
LF:107
LH:6
BRDA:29,0,0,0
BRDA:58,1,0,0
BRDA:58,1,1,0
BRDA:69,2,0,0
BRDA:94,3,0,0
BRDA:95,4,0,0
BRDA:103,5,0,0
BRDA:115,6,0,0
BRDA:115,6,1,0
BRDA:126,7,0,0
BRDA:141,8,0,0
BRDA:157,9,0,0
BRDA:157,9,1,0
BRDA:168,10,0,0
BRDA:194,11,0,0
BRDA:195,12,0,0
BRDA:203,13,0,0
BRDA:215,14,0,0
BRDA:215,14,1,0
BRDA:226,15,0,0
BRDA:245,16,0,0
BRDA:255,17,0,0
BRDA:256,18,0,0
BRDA:264,19,0,0
BRDA:276,20,0,0
BRDA:276,20,1,0
BRDA:287,21,0,0
BRDA:321,22,0,0
BRDA:322,23,0,0
BRDA:334,24,0,0
BRDA:334,24,1,0
BRDA:345,25,0,0
BRDA:377,26,0,0
BRDA:378,27,0,0
BRDA:391,28,0,0
BRDA:391,28,1,0
BRF:36
BRH:0
end_of_record
TN:
SF:src/controllers/userController.ts
FN:17,(anonymous_0)
FN:44,(anonymous_1)
FN:84,(anonymous_2)
FN:150,(anonymous_3)
FNF:4
FNH:0
FNDA:0,(anonymous_0)
FNDA:0,(anonymous_1)
FNDA:0,(anonymous_2)
FNDA:0,(anonymous_3)
DA:2,8
DA:4,8
DA:11,8
DA:13,8
DA:18,0
DA:20,0
DA:25,0
DA:27,0
DA:33,0
DA:45,0
DA:46,0
DA:48,0
DA:49,0
DA:54,0
DA:57,0
DA:59,0
DA:60,0
DA:65,0
DA:68,0
DA:73,0
DA:85,0
DA:86,0
DA:87,0
DA:92,0
DA:95,0
DA:96,0
DA:98,0
DA:99,0
DA:104,0
DA:109,0
DA:110,0
DA:115,0
DA:119,0
DA:122,0
DA:124,0
DA:130,0
DA:131,0
DA:136,0
DA:139,0
DA:151,0
DA:152,0
DA:153,0
DA:158,0
DA:161,0
DA:162,0
DA:164,0
DA:165,0
DA:170,0
DA:175,0
DA:176,0
DA:181,0
DA:185,0
DA:187,0
DA:192,0
DA:193,0
DA:198,0
DA:201,0
LF:57
LH:4
BRDA:35,0,0,0
BRDA:35,0,1,0
BRDA:48,1,0,0
BRDA:59,2,0,0
BRDA:75,3,0,0
BRDA:75,3,1,0
BRDA:86,4,0,0
BRDA:98,5,0,0
BRDA:109,6,0,0
BRDA:130,7,0,0
BRDA:130,8,0,0
BRDA:130,8,1,0
BRDA:141,9,0,0
BRDA:141,9,1,0
BRDA:152,10,0,0
BRDA:164,11,0,0
BRDA:175,12,0,0
BRDA:192,13,0,0
BRDA:192,14,0,0
BRDA:192,14,1,0
BRDA:203,15,0,0
BRDA:203,15,1,0
BRF:22
BRH:0
end_of_record
TN:
SF:src/middlewares/auth.ts
FN:11,authenticateToken
FN:84,optionalAuth
FN:131,requireAuth
FNF:3
FNH:1
FNDA:37,authenticateToken
FNDA:0,optionalAuth
FNDA:0,requireAuth
DA:2,8
DA:3,8
DA:6,8
DA:11,8
DA:16,37
DA:17,37
DA:18,37
DA:20,37
DA:21,16
DA:26,16
DA:30,21
DA:33,19
DA:47,19
DA:48,18
DA:53,18
DA:57,1
DA:58,1
DA:60,2
DA:61,2
DA:63,2
DA:64,2
DA:65,0
DA:66,0
DA:67,2
DA:68,2
DA:69,2
DA:73,2
DA:84,8
DA:89,0
DA:90,0
DA:91,0
DA:93,0
DA:95,0
DA:96,0
DA:100,0
DA:103,0
DA:117,0
DA:118,0
DA:121,0
DA:124,0
DA:131,8
DA:136,0
DA:137,0
DA:142,0
DA:144,0
LF:45
LH:27
BRDA:20,0,0,16
BRDA:47,1,0,18
BRDA:63,2,0,2
BRDA:64,3,0,0
BRDA:64,3,1,2
BRDA:67,4,0,2
BRDA:93,5,0,0
BRDA:117,6,0,0
BRDA:136,7,0,0
BRF:9
BRH:5
end_of_record
TN:
SF:src/middlewares/cache.ts
FN:9,(anonymous_0)
FN:26,cache
FN:34,(anonymous_2)
FN:63,(anonymous_3)
FN:103,generateCacheKey
FN:126,generateETag
FN:139,(anonymous_6)
FN:153,(anonymous_7)
FN:160,(anonymous_8)
FN:167,(anonymous_9)
FN:175,(anonymous_10)
FN:186,(anonymous_11)
FN:228,conditionalCache
FN:232,(anonymous_13)
FN:247,(anonymous_14)
FNF:15
FNH:5
FNDA:0,(anonymous_0)
FNDA:24,cache
FNDA:0,(anonymous_2)
FNDA:0,(anonymous_3)
FNDA:0,generateCacheKey
FNDA:0,generateETag
FNDA:3,(anonymous_6)
FNDA:1,(anonymous_7)
FNDA:1,(anonymous_8)
FNDA:1,(anonymous_9)
FNDA:0,(anonymous_10)
FNDA:0,(anonymous_11)
FNDA:0,conditionalCache
FNDA:0,(anonymous_13)
FNDA:0,(anonymous_14)
DA:2,10
DA:5,10
DA:9,10
DA:10,0
DA:14,10
DA:26,10
DA:32,24
DA:34,24
DA:35,0
DA:36,0
DA:39,0
DA:41,0
DA:44,0
DA:46,0
DA:47,0
DA:50,0
DA:56,0
DA:60,0
DA:63,0
DA:64,0
DA:67,0
DA:68,0
DA:69,0
DA:77,0
DA:82,0
DA:89,0
DA:92,0
DA:94,0
DA:95,0
DA:108,0
DA:109,0
DA:110,0
DA:112,0
DA:115,0
DA:116,0
DA:117,0
DA:120,0
DA:127,0
DA:128,0
DA:129,0
DA:135,10
DA:140,3
DA:141,3
DA:142,3
DA:143,0
DA:146,0
DA:154,1
DA:161,1
DA:168,1
DA:169,1
DA:176,0
DA:177,0
DA:179,0
DA:192,0
DA:193,0
DA:194,0
DA:197,0
DA:205,0
DA:206,0
DA:207,0
DA:211,0
DA:212,0
DA:214,0
DA:215,0
DA:217,0
DA:219,0
DA:220,0
DA:228,10
DA:232,0
DA:233,0
DA:234,0
DA:236,0
DA:243,10
DA:250,0
LF:74
LH:17
BRDA:6,0,0,10
BRDA:6,0,1,0
BRDA:26,1,0,0
BRDA:28,2,0,0
BRDA:29,3,0,0
BRDA:30,4,0,24
BRDA:31,5,0,24
BRDA:35,6,0,0
BRDA:35,7,0,0
BRDA:35,7,1,0
BRDA:46,8,0,0
BRDA:67,9,0,0
BRDA:67,10,0,0
BRDA:67,10,1,0
BRDA:108,11,0,0
BRDA:108,11,1,0
BRDA:110,12,0,0
BRDA:110,12,1,0
BRDA:116,13,0,0
BRDA:116,13,1,0
BRDA:142,14,0,0
BRDA:168,15,0,1
BRDA:168,15,1,0
BRDA:206,16,0,0
BRDA:214,17,0,0
BRDA:215,18,0,0
BRDA:230,19,0,0
BRDA:233,20,0,0
BRF:28
BRH:4
end_of_record
TN:
SF:src/middlewares/security.ts
FN:33,(anonymous_10)
FN:50,(anonymous_11)
FN:89,(anonymous_12)
FN:94,(anonymous_13)
FN:98,(anonymous_14)
FN:142,(anonymous_15)
FN:149,(anonymous_16)
FN:158,(anonymous_17)
FN:169,(anonymous_18)
FN:177,(anonymous_19)
FN:206,(anonymous_20)
FN:236,(anonymous_21)
FN:241,(anonymous_22)
FN:244,(anonymous_23)
FN:249,(anonymous_24)
FN:289,(anonymous_25)
FN:290,(anonymous_26)
FN:320,(anonymous_27)
FN:338,(anonymous_28)
FN:342,(anonymous_29)
FNF:20
FNH:18
FNDA:27,(anonymous_10)
FNDA:36,(anonymous_11)
FNDA:53,(anonymous_12)
FNDA:16,(anonymous_13)
FNDA:36,(anonymous_14)
FNDA:52,(anonymous_15)
FNDA:364,(anonymous_16)
FNDA:260,(anonymous_17)
FNDA:51,(anonymous_18)
FNDA:95,(anonymous_19)
FNDA:51,(anonymous_20)
FNDA:56,(anonymous_21)
FNDA:12,(anonymous_22)
FNDA:40,(anonymous_23)
FNDA:121,(anonymous_24)
FNDA:8,(anonymous_25)
FNDA:53,(anonymous_26)
FNDA:43,(anonymous_27)
FNDA:0,(anonymous_28)
FNDA:0,(anonymous_29)
DA:2,9
DA:4,9
DA:5,9
DA:6,9
DA:8,9
DA:11,9
DA:33,9
DA:39,27
DA:52,36
DA:60,36
DA:70,9
DA:76,9
DA:82,9
DA:89,9
DA:94,53
DA:95,16
DA:97,9
DA:98,9
DA:99,36
DA:101,9
DA:104,7
DA:105,0
DA:108,7
DA:109,7
DA:110,7
DA:111,11
DA:113,7
DA:116,0
DA:120,53
DA:121,2
DA:125,53
DA:126,3
DA:127,3
DA:129,3
DA:130,3
DA:134,0
DA:138,53
DA:142,9
DA:148,52
DA:150,364
DA:151,364
DA:155,52
DA:158,52
DA:159,260
DA:163,52
DA:165,52
DA:169,9
DA:174,51
DA:177,51
DA:178,95
DA:190,51
DA:191,32
DA:198,51
DA:199,43
DA:205,51
DA:206,51
DA:207,51
DA:210,51
DA:214,0
DA:222,51
DA:223,20
DA:229,51
DA:232,51
DA:236,9
DA:241,56
DA:242,12
DA:244,12
DA:245,40
DA:249,56
DA:250,121
DA:251,12
DA:254,109
DA:255,0
DA:258,109
DA:259,58
DA:262,51
DA:266,56
DA:267,3
DA:277,3
DA:282,3
DA:285,53
DA:289,9
DA:290,8
DA:291,53
DA:293,53
DA:294,43
DA:295,43
DA:297,43
DA:298,1
DA:306,1
DA:311,1
DA:315,52
DA:320,9
DA:321,43
DA:328,43
DA:329,43
DA:331,43
DA:332,43
DA:334,43
DA:338,9
DA:342,0
DA:343,0
DA:346,0
DA:347,0
DA:353,0
DA:358,0
DA:362,0
DA:363,0
DA:364,0
DA:370,0
DA:375,0
DA:379,0
DA:383,9
LF:113
LH:96
BRDA:44,0,0,27
BRDA:44,0,1,0
BRDA:49,1,0,27
BRDA:49,1,1,27
BRDA:62,2,0,36
BRDA:62,2,1,0
BRDA:95,3,0,9
BRDA:104,4,0,0
BRDA:108,5,0,7
BRDA:108,6,0,7
BRDA:108,6,1,7
BRDA:120,7,0,2
BRDA:125,8,0,3
BRDA:125,9,0,53
BRDA:125,9,1,53
BRDA:129,10,0,3
BRDA:129,11,0,3
BRDA:129,11,1,3
BRDA:177,12,0,0
BRDA:190,13,0,32
BRDA:198,14,0,43
BRDA:210,15,0,0
BRDA:211,16,0,51
BRDA:211,16,1,0
BRDA:211,16,2,0
BRDA:222,17,0,20
BRDA:222,18,0,51
BRDA:222,18,1,31
BRDA:242,19,0,0
BRDA:250,20,0,12
BRDA:254,21,0,0
BRDA:258,22,0,58
BRDA:258,23,0,109
BRDA:258,23,1,58
BRDA:266,24,0,3
BRDA:266,25,0,56
BRDA:266,25,1,53
BRDA:289,26,0,0
BRDA:293,27,0,43
BRDA:297,28,0,1
BRDA:329,29,0,0
BRDA:332,30,0,43
BRDA:332,30,1,0
BRDA:334,31,0,43
BRDA:334,31,1,0
BRDA:343,32,0,0
BRDA:343,32,1,0
BRDA:343,32,2,0
BRDA:346,33,0,0
BRDA:346,34,0,0
BRDA:346,34,1,0
BRDA:362,35,0,0
BRDA:362,36,0,0
BRDA:362,36,1,0
BRDA:363,37,0,0
BRF:55
BRH:32
end_of_record
TN:
SF:src/middlewares/validation.ts
FN:6,(anonymous_0)
FN:10,(anonymous_1)
FN:39,(anonymous_2)
FN:69,(anonymous_3)
FN:71,(anonymous_4)
FN:73,(anonymous_5)
FN:77,(anonymous_6)
FN:83,(anonymous_7)
FN:108,(anonymous_8)
FN:123,(anonymous_9)
FN:141,(anonymous_10)
FN:146,(anonymous_11)
FN:150,(anonymous_12)
FN:174,(anonymous_13)
FN:207,(anonymous_14)
FN:208,(anonymous_15)
FN:212,(anonymous_16)
FNF:17
FNH:8
FNDA:72,(anonymous_0)
FNDA:24,(anonymous_1)
FNDA:13,(anonymous_2)
FNDA:48,(anonymous_3)
FNDA:0,(anonymous_4)
FNDA:24,(anonymous_5)
FNDA:0,(anonymous_6)
FNDA:0,(anonymous_7)
FNDA:0,(anonymous_8)
FNDA:0,(anonymous_9)
FNDA:120,(anonymous_10)
FNDA:1,(anonymous_11)
FNDA:1,(anonymous_12)
FNDA:0,(anonymous_13)
FNDA:0,(anonymous_14)
FNDA:0,(anonymous_15)
FNDA:0,(anonymous_16)
DA:2,8
DA:6,8
DA:10,72
DA:11,24
DA:13,24
DA:18,24
DA:21,19
DA:22,19
DA:23,0
DA:24,0
DA:26,0
DA:29,19
DA:31,5
DA:32,5
DA:39,13
DA:47,5
DA:51,5
DA:55,0
DA:69,8
DA:70,48
DA:71,8
DA:72,0
DA:73,8
DA:74,24
DA:77,8
DA:83,0
DA:84,0
DA:86,0
DA:87,0
DA:89,0
DA:94,0
DA:97,0
DA:98,0
DA:99,0
DA:100,0
DA:102,0
DA:105,0
DA:106,0
DA:108,0
DA:119,0
DA:120,0
DA:123,0
DA:129,0
DA:133,0
DA:136,0
DA:141,8
DA:146,120
DA:147,1
DA:150,1
DA:151,1
DA:153,1
DA:155,1
DA:160,1
DA:163,1
DA:164,1
DA:165,0
DA:166,0
DA:167,0
DA:168,0
DA:171,0
DA:172,0
DA:174,0
DA:185,1
DA:186,0
DA:195,0
DA:199,0
DA:202,1
DA:207,8
DA:208,0
DA:209,0
DA:210,0
DA:212,0
DA:213,0
DA:214,0
DA:216,0
DA:217,0
DA:218,0
DA:222,0
DA:226,0
DA:230,0
LF:80
LH:33
BRDA:8,0,0,0
BRDA:13,1,0,24
BRDA:13,1,1,0
BRDA:15,2,0,0
BRDA:15,2,1,0
BRDA:21,3,0,19
BRDA:21,3,1,0
BRDA:23,4,0,0
BRDA:23,4,1,0
BRDA:31,5,0,5
BRDA:89,6,0,0
BRDA:89,6,1,0
BRDA:91,7,0,0
BRDA:91,7,1,0
BRDA:97,8,0,0
BRDA:97,8,1,0
BRDA:99,9,0,0
BRDA:99,9,1,0
BRDA:105,10,0,0
BRDA:119,11,0,0
BRDA:151,12,0,0
BRDA:155,13,0,1
BRDA:155,13,1,0
BRDA:157,14,0,0
BRDA:157,14,1,0
BRDA:163,15,0,1
BRDA:163,15,1,0
BRDA:165,16,0,0
BRDA:165,16,1,0
BRDA:167,17,0,0
BRDA:171,18,0,0
BRDA:185,19,0,0
BRDA:209,20,0,0
BRDA:214,21,0,0
BRDA:214,22,0,0
BRDA:214,22,1,0
BRDA:216,23,0,0
BRDA:216,23,1,0
BRDA:217,24,0,0
BRDA:217,25,0,0
BRDA:217,25,1,0
BRF:41
BRH:5
end_of_record
TN:
SF:src/routes/analytics.ts
FN:18,(anonymous_0)
FN:29,(anonymous_1)
FN:40,(anonymous_2)
FN:49,(anonymous_3)
FNF:4
FNH:0
FNDA:0,(anonymous_0)
FNDA:0,(anonymous_1)
FNDA:0,(anonymous_2)
FNDA:0,(anonymous_3)
DA:1,8
DA:2,8
DA:3,8
DA:5,8
DA:6,8
DA:9,8
DA:18,8
DA:19,0
DA:29,8
DA:30,0
DA:40,8
DA:41,0
DA:49,8
DA:51,8
LF:14
LH:11
BRF:0
BRH:0
end_of_record
TN:
SF:src/routes/auth.ts
FNF:0
FNH:0
DA:1,8
DA:2,8
DA:3,8
DA:4,8
DA:5,8
DA:6,8
DA:14,8
DA:15,8
DA:18,8
DA:25,8
DA:32,8
DA:40,8
DA:46,8
DA:53,8
DA:61,8
DA:67,8
DA:74,8
LF:17
LH:17
BRF:0
BRH:0
end_of_record
TN:
SF:src/routes/health.ts
FN:11,(anonymous_0)
FN:20,(anonymous_1)
FN:21,(anonymous_2)
FN:64,(anonymous_3)
FNF:4
FNH:0
FNDA:0,(anonymous_0)
FNDA:0,(anonymous_1)
FNDA:0,(anonymous_2)
FNDA:0,(anonymous_3)
DA:1,8
DA:2,8
DA:3,8
DA:5,8
DA:11,8
DA:12,0
DA:14,0
DA:17,0
DA:18,0
DA:19,0
DA:20,0
DA:21,0
DA:23,0
DA:28,0
DA:46,0
DA:49,0
DA:64,8
DA:65,0
DA:66,0
DA:67,0
DA:70,0
DA:71,0
DA:72,0
DA:73,0
DA:74,0
DA:75,0
DA:77,0
DA:80,0
DA:112,0
DA:113,0
DA:115,0
DA:124,8
LF:32
LH:7
BRDA:34,0,0,0
BRDA:34,0,1,0
BRDA:38,1,0,0
BRDA:38,1,1,0
BRDA:42,2,0,0
BRDA:42,2,1,0
BRDA:43,3,0,0
BRDA:43,3,1,0
BRDA:54,4,0,0
BRDA:54,4,1,0
BRDA:55,5,0,0
BRDA:55,5,1,0
BRDA:82,6,0,0
BRDA:82,6,1,0
BRDA:82,7,0,0
BRDA:82,7,1,0
BRDA:82,7,2,0
BRDA:88,8,0,0
BRDA:88,8,1,0
BRDA:90,9,0,0
BRDA:90,9,1,0
BRDA:93,10,0,0
BRDA:93,10,1,0
BRDA:95,11,0,0
BRDA:95,11,1,0
BRDA:96,12,0,0
BRDA:96,12,1,0
BRDA:106,13,0,0
BRDA:106,13,1,0
BRDA:107,14,0,0
BRDA:107,14,1,0
BRDA:108,15,0,0
BRDA:108,15,1,0
BRDA:112,16,0,0
BRDA:112,16,1,0
BRDA:119,17,0,0
BRDA:119,17,1,0
BRF:37
BRH:0
end_of_record
TN:
SF:src/routes/index.ts
FNF:0
FNH:0
DA:1,8
DA:2,8
DA:3,8
DA:4,8
DA:5,8
DA:6,8
DA:7,8
DA:9,8
DA:12,8
DA:15,8
DA:18,8
DA:21,8
DA:24,8
DA:27,8
DA:29,8
LF:15
LH:15
BRF:0
BRH:0
end_of_record
TN:
SF:src/routes/projects.ts
FNF:0
FNH:0
DA:1,8
DA:2,8
DA:3,8
DA:4,8
DA:5,8
DA:6,8
DA:7,8
DA:17,8
DA:18,8
DA:21,8
DA:24,8
DA:30,8
DA:36,8
DA:42,8
DA:51,8
DA:59,8
DA:70,8
DA:79,8
DA:86,8
LF:19
LH:19
BRF:0
BRH:0
end_of_record
TN:
SF:src/routes/tasks.ts
FNF:0
FNH:0
DA:1,8
DA:2,8
DA:3,8
DA:4,8
DA:5,8
DA:6,8
DA:7,8
DA:13,8
DA:15,8
DA:16,8
DA:19,8
DA:22,8
DA:29,8
DA:35,8
DA:42,8
DA:51,8
DA:59,8
DA:68,8
DA:78,8
LF:19
LH:19
BRF:0
BRH:0
end_of_record
TN:
SF:src/routes/users.ts
FNF:0
FNH:0
DA:1,8
DA:2,8
DA:3,8
DA:4,8
DA:5,8
DA:6,8
DA:8,8
DA:9,8
DA:12,8
DA:15,8
DA:18,8
DA:25,8
DA:33,8
DA:40,8
LF:14
LH:14
BRF:0
BRH:0
end_of_record
TN:
SF:src/services/analyticsService.ts
FN:87,(anonymous_0)
FN:93,(anonymous_1)
FN:110,(anonymous_2)
FN:168,(anonymous_3)
FN:182,(anonymous_4)
FN:201,(anonymous_5)
FN:221,(anonymous_6)
FN:236,(anonymous_7)
FN:285,(anonymous_8)
FN:294,(anonymous_9)
FN:299,(anonymous_10)
FN:324,(anonymous_11)
FN:332,(anonymous_12)
FN:345,(anonymous_13)
FN:366,(anonymous_14)
FN:378,(anonymous_15)
FN:390,(anonymous_16)
FN:403,(anonymous_17)
FN:414,(anonymous_18)
FN:451,(anonymous_19)
FN:467,(anonymous_20)
FN:471,(anonymous_21)
FN:478,(anonymous_22)
FN:494,(anonymous_23)
FN:498,(anonymous_24)
FN:505,(anonymous_25)
FN:530,(anonymous_26)
FN:562,(anonymous_27)
FN:578,(anonymous_28)
FN:582,(anonymous_29)
FN:608,(anonymous_30)
FN:619,(anonymous_31)
FN:620,(anonymous_32)
FN:625,(anonymous_33)
FN:628,(anonymous_34)
FN:724,(anonymous_35)
FNF:36
FNH:1
FNDA:8,(anonymous_0)
FNDA:0,(anonymous_1)
FNDA:0,(anonymous_2)
FNDA:0,(anonymous_3)
FNDA:0,(anonymous_4)
FNDA:0,(anonymous_5)
FNDA:0,(anonymous_6)
FNDA:0,(anonymous_7)
FNDA:0,(anonymous_8)
FNDA:0,(anonymous_9)
FNDA:0,(anonymous_10)
FNDA:0,(anonymous_11)
FNDA:0,(anonymous_12)
FNDA:0,(anonymous_13)
FNDA:0,(anonymous_14)
FNDA:0,(anonymous_15)
FNDA:0,(anonymous_16)
FNDA:0,(anonymous_17)
FNDA:0,(anonymous_18)
FNDA:0,(anonymous_19)
FNDA:0,(anonymous_20)
FNDA:0,(anonymous_21)
FNDA:0,(anonymous_22)
FNDA:0,(anonymous_23)
FNDA:0,(anonymous_24)
FNDA:0,(anonymous_25)
FNDA:0,(anonymous_26)
FNDA:0,(anonymous_27)
FNDA:0,(anonymous_28)
FNDA:0,(anonymous_29)
FNDA:0,(anonymous_30)
FNDA:0,(anonymous_31)
FNDA:0,(anonymous_32)
FNDA:0,(anonymous_33)
FNDA:0,(anonymous_34)
FNDA:0,(anonymous_35)
DA:1,8
DA:7,8
DA:9,8
DA:87,8
DA:88,8
DA:97,0
DA:100,0
DA:101,0
DA:102,0
DA:106,0
DA:109,0
DA:110,0
DA:112,0
DA:113,0
DA:123,0
DA:124,0
DA:137,0
DA:148,0
DA:160,0
DA:162,0
DA:172,0
DA:175,0
DA:176,0
DA:177,0
DA:181,0
DA:182,0
DA:184,0
DA:185,0
DA:190,0
DA:191,0
DA:194,0
DA:197,0
DA:201,0
DA:204,0
DA:206,0
DA:213,0
DA:215,0
DA:225,0
DA:229,0
DA:230,0
DA:231,0
DA:235,0
DA:236,0
DA:238,0
DA:239,0
DA:248,0
DA:249,0
DA:252,0
DA:255,0
DA:284,0
DA:286,0
DA:291,0
DA:293,0
DA:294,0
DA:298,0
DA:299,0
DA:301,0
DA:303,0
DA:305,0
DA:316,0
DA:318,0
DA:325,0
DA:326,0
DA:327,0
DA:333,0
DA:335,0
DA:336,0
DA:337,0
DA:339,0
DA:340,0
DA:342,0
DA:346,0
DA:370,0
DA:382,0
DA:394,0
DA:404,0
DA:405,0
DA:418,0
DA:448,0
DA:455,0
DA:466,0
DA:467,0
DA:471,0
DA:482,0
DA:493,0
DA:494,0
DA:498,0
DA:509,0
DA:512,0
DA:530,0
DA:531,0
DA:547,0
DA:562,0
DA:563,0
DA:577,0
DA:578,0
DA:587,0
DA:589,0
DA:591,0
DA:606,0
DA:608,0
DA:609,0
DA:610,0
DA:611,0
DA:613,0
DA:614,0
DA:618,0
DA:619,0
DA:620,0
DA:621,0
DA:625,0
DA:641,0
DA:721,0
DA:722,0
DA:723,0
DA:726,0
DA:727,0
DA:731,0
DA:737,0
DA:739,0
LF:120
LH:5
BRDA:101,0,0,0
BRDA:112,1,0,0
BRDA:176,2,0,0
BRDA:184,3,0,0
BRDA:230,4,0,0
BRDA:238,5,0,0
BRDA:293,6,0,0
BRDA:293,6,1,0
BRDA:301,7,0,0
BRDA:301,7,1,0
BRDA:303,8,0,0
BRDA:303,8,1,0
BRDA:333,9,0,0
BRDA:336,10,0,0
BRDA:339,11,0,0
BRDA:342,12,0,0
BRDA:342,12,1,0
BRDA:373,13,0,0
BRDA:373,13,1,0
BRDA:385,14,0,0
BRDA:385,14,1,0
BRDA:398,15,0,0
BRDA:398,15,1,0
BRDA:425,16,0,0
BRDA:425,16,1,0
BRDA:437,17,0,0
BRDA:437,17,1,0
BRDA:459,18,0,0
BRDA:459,18,1,0
BRDA:474,19,0,0
BRDA:474,19,1,0
BRDA:486,20,0,0
BRDA:486,20,1,0
BRDA:501,21,0,0
BRDA:501,21,1,0
BRDA:515,22,0,0
BRDA:515,22,1,0
BRDA:536,23,0,0
BRDA:536,23,1,0
BRDA:537,24,0,0
BRDA:537,24,1,0
BRDA:550,25,0,0
BRDA:550,25,1,0
BRDA:587,26,0,0
BRDA:587,26,1,0
BRDA:589,27,0,0
BRDA:589,27,1,0
BRDA:610,28,0,0
BRDA:614,29,0,0
BRDA:614,29,1,0
BRDA:647,30,0,0
BRDA:647,30,1,0
BRDA:656,31,0,0
BRDA:656,31,1,0
BRDA:688,32,0,0
BRDA:688,32,1,0
BRDA:697,33,0,0
BRDA:697,33,1,0
BRDA:722,34,0,0
BRDA:737,35,0,0
BRDA:737,35,1,0
BRDA:750,36,0,0
BRDA:750,36,1,0
BRF:63
BRH:0
end_of_record
TN:
SF:src/services/authService.ts
FN:11,(anonymous_0)
FN:59,(anonymous_1)
FN:96,(anonymous_2)
FN:122,(anonymous_3)
FN:143,(anonymous_4)
FN:172,(anonymous_5)
FN:209,(anonymous_6)
FNF:7
FNH:2
FNDA:10,(anonymous_0)
FNDA:9,(anonymous_1)
FNDA:0,(anonymous_2)
FNDA:0,(anonymous_3)
FNDA:0,(anonymous_4)
FNDA:0,(anonymous_5)
FNDA:0,(anonymous_6)
DA:2,8
DA:3,8
DA:5,8
DA:7,8
DA:15,10
DA:21,10
DA:22,1
DA:23,1
DA:25,0
DA:26,0
DA:31,9
DA:34,9
DA:45,7
DA:48,7
DA:50,7
DA:63,9
DA:67,9
DA:68,5
DA:72,4
DA:77,4
DA:78,0
DA:82,4
DA:85,4
DA:87,4
DA:97,0
DA:99,0
DA:102,0
DA:106,0
DA:107,0
DA:111,0
DA:113,0
DA:115,0
DA:123,0
DA:137,0
DA:151,0
DA:166,0
DA:178,0
DA:182,0
DA:183,0
DA:187,0
DA:192,0
DA:193,0
DA:197,0
DA:200,0
DA:210,0
LF:45
LH:21
BRDA:21,0,0,1
BRDA:22,1,0,1
BRDA:25,2,0,0
BRDA:67,3,0,5
BRDA:77,4,0,0
BRDA:106,5,0,0
BRDA:182,6,0,0
BRDA:192,7,0,0
BRF:8
BRH:3
end_of_record
TN:
SF:src/services/optimizedTaskService.ts
FN:69,(anonymous_0)
FN:86,(anonymous_1)
FN:92,(anonymous_2)
FN:245,(anonymous_3)
FN:345,(anonymous_4)
FN:409,(anonymous_5)
FN:441,(anonymous_6)
FN:463,(anonymous_7)
FN:509,(anonymous_8)
FN:511,(anonymous_9)
FN:518,(anonymous_10)
FN:520,(anonymous_11)
FNF:12
FNH:0
FNDA:0,(anonymous_0)
FNDA:0,(anonymous_1)
FNDA:0,(anonymous_2)
FNDA:0,(anonymous_3)
FNDA:0,(anonymous_4)
FNDA:0,(anonymous_5)
FNDA:0,(anonymous_6)
FNDA:0,(anonymous_7)
FNDA:0,(anonymous_8)
FNDA:0,(anonymous_9)
FNDA:0,(anonymous_10)
FNDA:0,(anonymous_11)
DA:1,2
DA:13,2
DA:16,2
DA:26,2
DA:65,2
DA:70,0
DA:86,0
DA:109,0
DA:111,0
DA:114,0
DA:118,0
DA:119,0
DA:126,0
DA:131,0
DA:132,0
DA:135,0
DA:136,0
DA:139,0
DA:140,0
DA:143,0
DA:144,0
DA:145,0
DA:146,0
DA:148,0
DA:149,0
DA:153,0
DA:154,0
DA:155,0
DA:156,0
DA:158,0
DA:159,0
DA:164,0
DA:165,0
DA:180,0
DA:199,0
DA:200,0
DA:218,0
DA:229,0
DA:231,0
DA:258,0
DA:282,0
DA:283,0
DA:287,0
DA:288,0
DA:303,0
DA:304,0
DA:309,0
DA:339,0
DA:350,0
DA:369,0
DA:370,0
DA:386,0
DA:403,0
DA:415,0
DA:441,0
DA:443,0
DA:444,0
DA:448,0
DA:457,0
DA:472,0
DA:474,0
DA:475,0
DA:478,0
DA:480,0
DA:481,0
DA:486,0
DA:508,0
DA:510,0
DA:511,0
DA:512,0
DA:517,0
DA:519,0
DA:520,0
DA:522,0
DA:527,0
DA:536,2
LF:76
LH:6
BRDA:96,0,0,0
BRDA:97,1,0,0
BRDA:108,2,0,0
BRDA:114,3,0,0
BRDA:114,3,1,0
BRDA:118,4,0,0
BRDA:131,5,0,0
BRDA:135,6,0,0
BRDA:139,7,0,0
BRDA:143,8,0,0
BRDA:143,9,0,0
BRDA:143,9,1,0
BRDA:145,10,0,0
BRDA:145,11,0,0
BRDA:145,11,1,0
BRDA:148,12,0,0
BRDA:148,13,0,0
BRDA:148,13,1,0
BRDA:153,14,0,0
BRDA:153,15,0,0
BRDA:153,15,1,0
BRDA:155,16,0,0
BRDA:155,17,0,0
BRDA:155,17,1,0
BRDA:158,18,0,0
BRDA:158,19,0,0
BRDA:158,19,1,0
BRDA:164,20,0,0
BRDA:199,21,0,0
BRDA:282,22,0,0
BRDA:287,23,0,0
BRDA:303,24,0,0
BRDA:313,25,0,0
BRDA:313,25,1,0
BRDA:314,26,0,0
BRDA:314,26,1,0
BRDA:348,27,0,0
BRDA:369,28,0,0
BRDA:443,29,0,0
BRDA:474,30,0,0
BRDA:474,31,0,0
BRDA:474,31,1,0
BRDA:478,32,0,0
BRDA:511,33,0,0
BRDA:511,33,1,0
BRDA:520,34,0,0
BRDA:520,34,1,0
BRF:47
BRH:0
end_of_record
TN:
SF:src/services/performanceMonitoringService.ts
FN:9,(anonymous_0)
FN:38,(anonymous_1)
FN:46,(anonymous_2)
FN:54,(anonymous_3)
FN:86,(anonymous_4)
FN:108,(anonymous_5)
FN:128,(anonymous_6)
FN:156,(anonymous_7)
FN:178,(anonymous_8)
FN:192,(anonymous_9)
FN:193,(anonymous_10)
FN:203,(anonymous_11)
FN:221,(anonymous_12)
FN:221,(anonymous_13)
FN:222,(anonymous_14)
FN:237,(anonymous_15)
FN:244,(anonymous_16)
FN:246,(anonymous_17)
FN:273,(anonymous_18)
FN:289,(anonymous_19)
FN:306,(anonymous_20)
FN:316,(anonymous_21)
FN:345,(anonymous_22)
FN:347,(anonymous_23)
FN:356,(anonymous_24)
FN:368,(anonymous_25)
FN:386,(anonymous_26)
FN:387,(anonymous_27)
FN:406,(anonymous_28)
FN:412,performanceMiddleware
FN:415,(anonymous_30)
FN:418,(anonymous_31)
FNF:32
FNH:24
FNDA:0,(anonymous_0)
FNDA:32,(anonymous_1)
FNDA:8,(anonymous_2)
FNDA:64,(anonymous_3)
FNDA:56,(anonymous_4)
FNDA:2,(anonymous_5)
FNDA:1,(anonymous_6)
FNDA:1,(anonymous_7)
FNDA:7,(anonymous_8)
FNDA:0,(anonymous_9)
FNDA:0,(anonymous_10)
FNDA:5,(anonymous_11)
FNDA:0,(anonymous_12)
FNDA:0,(anonymous_13)
FNDA:0,(anonymous_14)
FNDA:26,(anonymous_15)
FNDA:13,(anonymous_16)
FNDA:40,(anonymous_17)
FNDA:9,(anonymous_18)
FNDA:2,(anonymous_19)
FNDA:0,(anonymous_20)
FNDA:8,(anonymous_21)
FNDA:8,(anonymous_22)
FNDA:0,(anonymous_23)
FNDA:2,(anonymous_24)
FNDA:1,(anonymous_25)
FNDA:1,(anonymous_26)
FNDA:1,(anonymous_27)
FNDA:10,(anonymous_28)
FNDA:6,performanceMiddleware
FNDA:51,(anonymous_30)
FNDA:51,(anonymous_31)
DA:1,8
DA:2,8
DA:5,8
DA:9,8
DA:10,0
DA:13,8
DA:31,8
DA:33,8
DA:34,8
DA:35,8
DA:39,32
DA:40,8
DA:43,32
DA:47,8
DA:48,8
DA:55,64
DA:57,64
DA:58,15
DA:61,64
DA:62,64
DA:65,64
DA:66,0
DA:70,64
DA:71,64
DA:74,13
DA:77,13
DA:79,51
DA:92,56
DA:113,2
DA:129,1
DA:131,1
DA:157,1
DA:159,1
DA:183,7
DA:184,7
DA:185,7
DA:187,7
DA:188,0
DA:191,7
DA:192,0
DA:193,0
DA:195,0
DA:196,0
DA:215,5
DA:217,5
DA:218,5
DA:221,0
DA:222,0
DA:224,0
DA:238,26
DA:245,13
DA:246,40
DA:249,13
DA:250,9
DA:251,9
DA:256,9
DA:258,9
DA:260,2
DA:261,2
DA:262,7
DA:264,0
DA:265,0
DA:274,9
DA:276,9
DA:278,0
DA:280,0
DA:282,0
DA:290,2
DA:307,0
DA:317,8
DA:325,8
DA:333,8
DA:347,8
DA:348,0
DA:349,0
DA:357,2
DA:358,2
DA:359,0
DA:360,0
DA:361,0
DA:362,0
DA:374,1
DA:375,1
DA:378,1
DA:385,1
DA:386,1
DA:387,1
DA:392,1
DA:407,10
DA:412,8
DA:413,6
DA:415,6
DA:416,51
DA:418,51
DA:419,51
DA:420,51
DA:428,51
DA:432,8
LF:98
LH:76
BRDA:6,0,0,8
BRDA:6,0,1,0
BRDA:39,1,0,8
BRDA:57,2,0,15
BRDA:65,3,0,0
BRDA:187,4,0,0
BRDA:217,5,0,5
BRDA:246,6,0,40
BRDA:246,6,1,40
BRDA:251,7,0,9
BRDA:251,7,1,9
BRDA:258,8,0,2
BRDA:258,8,1,7
BRDA:258,9,0,9
BRDA:258,9,1,2
BRDA:262,10,0,0
BRDA:262,11,0,7
BRDA:262,11,1,7
BRDA:274,12,0,9
BRDA:274,12,1,0
BRDA:274,12,2,0
BRDA:274,12,3,0
BRDA:358,13,0,2
BRDA:359,14,0,0
BRDA:360,15,0,0
BRDA:361,16,0,0
BRDA:421,17,0,51
BRDA:421,17,1,18
BRF:28
BRH:18
end_of_record
TN:
SF:src/services/projectService.ts
FN:47,(anonymous_0)
FN:152,(anonymous_1)
FN:205,(anonymous_2)
FN:218,(anonymous_3)
FN:271,(anonymous_4)
FN:292,(anonymous_5)
FN:347,(anonymous_6)
FN:362,(anonymous_7)
FN:392,(anonymous_8)
FN:414,(anonymous_9)
FN:474,(anonymous_10)
FN:496,(anonymous_11)
FN:540,(anonymous_12)
FN:561,(anonymous_13)
FN:576,(anonymous_14)
FN:603,(anonymous_15)
FN:623,(anonymous_16)
FNF:17
FNH:1
FNDA:0,(anonymous_0)
FNDA:0,(anonymous_1)
FNDA:0,(anonymous_2)
FNDA:1,(anonymous_3)
FNDA:0,(anonymous_4)
FNDA:0,(anonymous_5)
FNDA:0,(anonymous_6)
FNDA:0,(anonymous_7)
FNDA:0,(anonymous_8)
FNDA:0,(anonymous_9)
FNDA:0,(anonymous_10)
FNDA:0,(anonymous_11)
FNDA:0,(anonymous_12)
FNDA:0,(anonymous_13)
FNDA:0,(anonymous_14)
FNDA:0,(anonymous_15)
FNDA:0,(anonymous_16)
DA:1,8
DA:10,8
DA:43,8
DA:50,0
DA:52,0
DA:55,0
DA:56,0
DA:59,0
DA:60,0
DA:67,0
DA:68,0
DA:72,0
DA:73,0
DA:78,0
DA:80,0
DA:82,0
DA:84,0
DA:85,0
DA:89,0
DA:92,0
DA:136,0
DA:138,0
DA:156,0
DA:197,0
DA:198,0
DA:202,0
DA:204,0
DA:205,0
DA:207,0
DA:208,0
DA:212,0
DA:222,1
DA:265,1
DA:277,0
DA:286,0
DA:287,0
DA:290,0
DA:291,0
DA:292,0
DA:295,0
DA:296,0
DA:299,0
DA:341,0
DA:349,0
DA:353,0
DA:354,0
DA:357,0
DA:358,0
DA:362,0
DA:364,0
DA:373,0
DA:378,0
DA:383,0
DA:399,0
DA:408,0
DA:409,0
DA:412,0
DA:413,0
DA:415,0
DA:418,0
DA:419,0
DA:423,0
DA:427,0
DA:428,0
DA:432,0
DA:441,0
DA:442,0
DA:446,0
DA:468,0
DA:481,0
DA:490,0
DA:491,0
DA:494,0
DA:495,0
DA:497,0
DA:500,0
DA:501,0
DA:505,0
DA:506,0
DA:510,0
DA:534,0
DA:546,0
DA:555,0
DA:556,0
DA:559,0
DA:560,0
DA:562,0
DA:564,0
DA:566,0
DA:567,0
DA:571,0
DA:572,0
DA:576,0
DA:578,0
DA:589,0
DA:604,0
DA:613,0
DA:614,0
DA:617,0
DA:627,0
DA:636,0
DA:637,0
DA:640,0
DA:641,0
DA:644,0
DA:645,0
DA:648,0
LF:107
LH:5
BRDA:50,0,0,0
BRDA:50,1,0,0
BRDA:59,2,0,0
BRDA:67,3,0,0
BRDA:72,4,0,0
BRDA:72,4,1,0
BRDA:78,5,0,0
BRDA:78,5,1,0
BRDA:84,6,0,0
BRDA:197,7,0,0
BRDA:202,8,0,0
BRDA:204,9,0,0
BRDA:204,9,1,0
BRDA:207,10,0,0
BRDA:286,11,0,0
BRDA:292,12,0,0
BRDA:292,12,1,0
BRDA:295,13,0,0
BRDA:295,14,0,0
BRDA:295,14,1,0
BRDA:353,15,0,0
BRDA:357,16,0,0
BRDA:408,17,0,0
BRDA:415,18,0,0
BRDA:415,18,1,0
BRDA:418,19,0,0
BRDA:418,20,0,0
BRDA:418,20,1,0
BRDA:427,21,0,0
BRDA:441,22,0,0
BRDA:490,23,0,0
BRDA:497,24,0,0
BRDA:497,24,1,0
BRDA:500,25,0,0
BRDA:500,26,0,0
BRDA:500,26,1,0
BRDA:505,27,0,0
BRDA:555,28,0,0
BRDA:562,29,0,0
BRDA:562,29,1,0
BRDA:566,30,0,0
BRDA:566,31,0,0
BRDA:566,31,1,0
BRDA:566,31,2,0
BRDA:571,32,0,0
BRDA:613,33,0,0
BRDA:617,34,0,0
BRDA:617,34,1,0
BRDA:636,35,0,0
BRDA:640,36,0,0
BRDA:644,37,0,0
BRF:51
BRH:0
end_of_record
TN:
SF:src/services/taskService.ts
FN:84,(anonymous_0)
FN:220,(anonymous_1)
FN:321,(anonymous_2)
FN:377,(anonymous_3)
FN:459,(anonymous_4)
FN:493,(anonymous_5)
FN:522,(anonymous_6)
FNF:7
FNH:0
FNDA:0,(anonymous_0)
FNDA:0,(anonymous_1)
FNDA:0,(anonymous_2)
FNDA:0,(anonymous_3)
FNDA:0,(anonymous_4)
FNDA:0,(anonymous_5)
FNDA:0,(anonymous_6)
DA:1,8
DA:14,8
DA:25,8
DA:80,8
DA:100,0
DA:102,0
DA:105,0
DA:122,0
DA:123,0
DA:129,0
DA:130,0
DA:133,0
DA:134,0
DA:137,0
DA:138,0
DA:141,0
DA:142,0
DA:145,0
DA:146,0
DA:147,0
DA:148,0
DA:150,0
DA:151,0
DA:155,0
DA:156,0
DA:157,0
DA:158,0
DA:160,0
DA:161,0
DA:166,0
DA:204,0
DA:206,0
DA:225,0
DA:248,0
DA:249,0
DA:253,0
DA:254,0
DA:270,0
DA:271,0
DA:276,0
DA:315,0
DA:325,0
DA:371,0
DA:383,0
DA:384,0
DA:385,0
DA:389,0
DA:390,0
DA:406,0
DA:407,0
DA:412,0
DA:453,0
DA:461,0
DA:462,0
DA:463,0
DA:468,0
DA:480,0
DA:481,0
DA:485,0
DA:497,0
DA:498,0
DA:499,0
DA:503,0
DA:516,0
DA:529,0
DA:530,0
DA:531,0
DA:534,0
DA:536,0
DA:553,0
DA:555,0
LF:71
LH:4
BRDA:88,0,0,0
BRDA:89,1,0,0
BRDA:122,2,0,0
BRDA:129,3,0,0
BRDA:133,4,0,0
BRDA:137,5,0,0
BRDA:141,6,0,0
BRDA:145,7,0,0
BRDA:145,8,0,0
BRDA:145,8,1,0
BRDA:147,9,0,0
BRDA:147,10,0,0
BRDA:147,10,1,0
BRDA:150,11,0,0
BRDA:150,12,0,0
BRDA:150,12,1,0
BRDA:155,13,0,0
BRDA:155,14,0,0
BRDA:155,14,1,0
BRDA:157,15,0,0
BRDA:157,16,0,0
BRDA:157,16,1,0
BRDA:160,17,0,0
BRDA:160,18,0,0
BRDA:160,18,1,0
BRDA:248,19,0,0
BRDA:253,20,0,0
BRDA:270,21,0,0
BRDA:280,22,0,0
BRDA:280,22,1,0
BRDA:281,23,0,0
BRDA:281,23,1,0
BRDA:384,24,0,0
BRDA:389,25,0,0
BRDA:389,26,0,0
BRDA:389,26,1,0
BRDA:406,27,0,0
BRDA:415,28,0,0
BRDA:415,28,1,0
BRDA:416,29,0,0
BRDA:416,29,1,0
BRDA:419,30,0,0
BRDA:419,30,1,0
BRDA:420,31,0,0
BRDA:420,31,1,0
BRDA:421,32,0,0
BRDA:421,32,1,0
BRDA:422,33,0,0
BRDA:422,33,1,0
BRDA:462,34,0,0
BRDA:468,35,0,0
BRDA:468,35,1,0
BRDA:468,35,2,0
BRDA:480,36,0,0
BRDA:498,37,0,0
BRDA:525,38,0,0
BRDA:526,39,0,0
BRDA:530,40,0,0
BRF:58
BRH:0
end_of_record
TN:
SF:src/services/userService.ts
FN:24,(anonymous_0)
FN:86,(anonymous_1)
FN:115,(anonymous_2)
FN:150,(anonymous_3)
FN:161,(anonymous_4)
FN:234,(anonymous_5)
FNF:6
FNH:0
FNDA:0,(anonymous_0)
FNDA:0,(anonymous_1)
FNDA:0,(anonymous_2)
FNDA:0,(anonymous_3)
FNDA:0,(anonymous_4)
FNDA:0,(anonymous_5)
DA:1,8
DA:4,8
DA:20,8
DA:33,0
DA:35,0
DA:38,0
DA:50,0
DA:53,0
DA:70,0
DA:72,0
DA:87,0
DA:109,0
DA:120,0
DA:124,0
DA:125,0
DA:129,0
DA:144,0
DA:152,0
DA:156,0
DA:157,0
DA:161,0
DA:163,0
DA:168,0
DA:174,0
DA:182,0
DA:192,0
DA:193,0
DA:195,0
DA:198,0
DA:201,0
DA:206,0
DA:207,0
DA:212,0
DA:225,0
DA:239,0
DA:252,0
DA:253,0
DA:256,0
LF:38
LH:3
BRDA:28,0,0,0
BRDA:29,1,0,0
BRDA:31,2,0,0
BRDA:32,3,0,0
BRDA:38,4,0,0
BRDA:38,4,1,0
BRDA:124,5,0,0
BRDA:156,6,0,0
BRDA:193,7,0,0
BRDA:193,7,1,0
BRDA:252,8,0,0
BRF:11
BRH:0
end_of_record
TN:
SF:src/utils/database.ts
FN:28,(anonymous_1)
FN:41,(anonymous_2)
FN:49,(anonymous_3)
FN:53,(anonymous_4)
FN:57,(anonymous_5)
FN:61,(anonymous_6)
FN:71,(anonymous_7)
FN:82,(anonymous_8)
FN:93,(anonymous_9)
FN:104,(anonymous_10)
FN:138,(anonymous_11)
FN:150,(anonymous_12)
FN:193,(anonymous_13)
FN:205,(anonymous_14)
FN:240,(anonymous_15)
FN:247,(anonymous_16)
FNF:16
FNH:12
FNDA:18,(anonymous_1)
FNDA:9,(anonymous_2)
FNDA:0,(anonymous_3)
FNDA:1,(anonymous_4)
FNDA:1,(anonymous_5)
FNDA:0,(anonymous_6)
FNDA:3,(anonymous_7)
FNDA:3,(anonymous_8)
FNDA:2,(anonymous_9)
FNDA:5,(anonymous_10)
FNDA:9,(anonymous_11)
FNDA:7,(anonymous_12)
FNDA:5,(anonymous_13)
FNDA:3,(anonymous_14)
FNDA:0,(anonymous_15)
FNDA:0,(anonymous_16)
DA:1,10
DA:2,10
DA:3,10
DA:6,10
DA:29,18
DA:30,10
DA:38,18
DA:42,9
DA:43,2
DA:45,2
DA:49,2
DA:50,0
DA:53,2
DA:54,1
DA:57,2
DA:58,1
DA:61,2
DA:62,0
DA:65,2
DA:68,9
DA:72,3
DA:73,3
DA:74,3
DA:75,1
DA:77,2
DA:78,2
DA:83,3
DA:84,3
DA:85,3
DA:86,1
DA:89,2
DA:94,2
DA:95,2
DA:96,2
DA:97,1
DA:100,1
DA:108,5
DA:113,5
DA:114,5
DA:115,5
DA:116,2
DA:118,3
DA:121,5
DA:122,5
DA:123,5
DA:124,4
DA:126,1
DA:129,5
DA:134,10
DA:143,9
DA:144,9
DA:145,9
DA:146,9
DA:150,10
DA:151,7
DA:154,7
DA:156,1
DA:162,1
DA:164,1
DA:170,1
DA:172,1
DA:178,1
DA:180,1
DA:189,10
DA:198,5
DA:199,5
DA:200,5
DA:201,5
DA:205,10
DA:206,3
DA:208,3
DA:209,1
DA:216,2
DA:217,1
DA:224,1
DA:232,10
DA:233,10
DA:234,10
DA:235,10
DA:236,10
DA:237,10
DA:240,10
DA:241,0
DA:242,0
DA:243,0
DA:244,0
DA:247,10
DA:248,0
DA:249,0
DA:250,0
DA:251,0
LF:91
LH:81
BRDA:29,0,0,10
BRDA:32,1,0,0
BRDA:32,1,1,10
BRDA:42,2,0,2
BRDA:43,3,0,2
BRDA:43,3,1,0
BRDA:84,4,0,3
BRDA:95,5,0,2
BRDA:140,6,0,1
BRDA:141,7,0,1
BRDA:154,8,0,1
BRDA:154,8,1,1
BRDA:154,8,2,1
BRDA:154,8,3,1
BRDA:154,8,4,1
BRDA:154,8,5,1
BRDA:154,8,6,1
BRDA:195,9,0,1
BRDA:196,10,0,1
BRDA:208,11,0,1
BRDA:216,12,0,1
BRF:21
BRH:19
end_of_record
TN:
SF:src/utils/jwt.ts
FN:22,generateTokens
FN:57,verifyAccessToken
FN:79,verifyRefreshToken
FN:101,extractTokenFromHeader
FNF:4
FNH:4
FNDA:21,generateTokens
FNDA:26,verifyAccessToken
FNDA:4,verifyRefreshToken
FNDA:44,extractTokenFromHeader
DA:1,9
DA:7,9
DA:9,9
DA:10,9
DA:11,9
DA:22,9
DA:23,21
DA:29,21
DA:35,21
DA:41,21
DA:42,21
DA:48,21
DA:57,9
DA:58,26
DA:59,26
DA:64,20
DA:66,6
DA:67,0
DA:68,6
DA:69,6
DA:71,0
DA:79,9
DA:80,4
DA:81,4
DA:86,1
DA:88,3
DA:89,0
DA:90,3
DA:91,3
DA:93,0
DA:101,9
DA:104,44
DA:105,18
DA:108,26
DA:109,26
DA:110,4
DA:113,22
LF:37
LH:33
BRDA:7,0,0,9
BRDA:7,0,1,0
BRDA:9,1,0,9
BRDA:9,1,1,0
BRDA:10,2,0,9
BRDA:10,2,1,0
BRDA:11,3,0,9
BRDA:11,3,1,0
BRDA:66,4,0,0
BRDA:66,4,1,6
BRDA:68,5,0,6
BRDA:68,5,1,0
BRDA:88,6,0,0
BRDA:88,6,1,3
BRDA:90,7,0,3
BRDA:90,7,1,0
BRDA:104,8,0,18
BRDA:109,9,0,4
BRDA:109,10,0,26
BRDA:109,10,1,23
BRF:20
BRH:12
end_of_record
TN:
SF:src/utils/password.ts
FN:9,hashPassword
FN:22,comparePassword
FN:37,validatePasswordStrength
FNF:3
FNH:2
FNDA:32,hashPassword
FNDA:4,comparePassword
FNDA:0,validatePasswordStrength
DA:1,8
DA:4,8
DA:9,8
DA:10,32
DA:11,32
DA:12,32
DA:13,32
DA:15,0
DA:22,8
DA:26,4
DA:27,4
DA:28,4
DA:30,0
DA:37,8
DA:41,0
DA:43,0
DA:44,0
DA:47,0
DA:48,0
DA:51,0
DA:52,0
DA:55,0
DA:56,0
DA:59,0
DA:60,0
DA:64,0
DA:65,0
DA:68,0
LF:28
LH:12
BRDA:43,0,0,0
BRDA:47,1,0,0
BRDA:51,2,0,0
BRDA:55,3,0,0
BRDA:59,4,0,0
BRDA:64,5,0,0
BRF:6
BRH:0
end_of_record
TN:
SF:src/utils/redis.ts
FN:14,(anonymous_1)
FN:17,(anonymous_2)
FN:27,(anonymous_3)
FN:48,(anonymous_4)
FN:62,(anonymous_5)
FN:76,(anonymous_6)
FN:89,(anonymous_7)
FN:102,(anonymous_8)
FN:114,(anonymous_9)
FN:126,(anonymous_10)
FN:141,(anonymous_11)
FN:153,(anonymous_12)
FN:165,(anonymous_13)
FN:177,(anonymous_14)
FN:189,(anonymous_15)
FN:201,(anonymous_16)
FN:214,(anonymous_17)
FN:226,(anonymous_18)
FN:241,(anonymous_19)
FN:259,(anonymous_20)
FN:266,(anonymous_21)
FN:298,(anonymous_22)
FN:306,(anonymous_23)
FN:334,(anonymous_24)
FN:350,(anonymous_25)
FN:355,(anonymous_26)
FN:358,(anonymous_27)
FN:367,(anonymous_28)
FN:375,(anonymous_29)
FNF:29
FNH:0
FNDA:0,(anonymous_1)
FNDA:0,(anonymous_2)
FNDA:0,(anonymous_3)
FNDA:0,(anonymous_4)
FNDA:0,(anonymous_5)
FNDA:0,(anonymous_6)
FNDA:0,(anonymous_7)
FNDA:0,(anonymous_8)
FNDA:0,(anonymous_9)
FNDA:0,(anonymous_10)
FNDA:0,(anonymous_11)
FNDA:0,(anonymous_12)
FNDA:0,(anonymous_13)
FNDA:0,(anonymous_14)
FNDA:0,(anonymous_15)
FNDA:0,(anonymous_16)
FNDA:0,(anonymous_17)
FNDA:0,(anonymous_18)
FNDA:0,(anonymous_19)
FNDA:0,(anonymous_20)
FNDA:0,(anonymous_21)
FNDA:0,(anonymous_22)
FNDA:0,(anonymous_23)
FNDA:0,(anonymous_24)
FNDA:0,(anonymous_25)
FNDA:0,(anonymous_26)
FNDA:0,(anonymous_27)
FNDA:0,(anonymous_28)
FNDA:0,(anonymous_29)
DA:2,0
DA:3,0
DA:5,0
DA:14,0
DA:15,0
DA:18,0
DA:19,0
DA:21,0
DA:32,0
DA:33,0
DA:34,0
DA:35,0
DA:37,0
DA:39,0
DA:41,0
DA:49,0
DA:50,0
DA:51,0
DA:52,0
DA:53,0
DA:55,0
DA:63,0
DA:64,0
DA:65,0
DA:66,0
DA:67,0
DA:69,0
DA:77,0
DA:78,0
DA:79,0
DA:80,0
DA:82,0
DA:90,0
DA:91,0
DA:92,0
DA:93,0
DA:95,0
DA:103,0
DA:104,0
DA:105,0
DA:107,0
DA:119,0
DA:120,0
DA:127,0
DA:128,0
DA:130,0
DA:131,0
DA:133,0
DA:134,0
DA:142,0
DA:143,0
DA:144,0
DA:146,0
DA:154,0
DA:155,0
DA:156,0
DA:158,0
DA:166,0
DA:167,0
DA:168,0
DA:170,0
DA:178,0
DA:179,0
DA:180,0
DA:182,0
DA:190,0
DA:191,0
DA:192,0
DA:194,0
DA:202,0
DA:203,0
DA:204,0
DA:205,0
DA:207,0
DA:215,0
DA:216,0
DA:217,0
DA:219,0
DA:227,0
DA:228,0
DA:229,0
DA:231,0
DA:232,0
DA:234,0
DA:242,0
DA:243,0
DA:244,0
DA:245,0
DA:247,0
DA:253,0
DA:255,0
DA:256,0
DA:257,0
DA:260,0
DA:272,0
DA:273,0
DA:275,0
DA:281,0
DA:299,0
DA:300,0
DA:311,0
DA:312,0
DA:314,0
DA:315,0
DA:318,0
DA:324,0
DA:335,0
DA:336,0
DA:338,0
DA:339,0
DA:340,0
DA:351,0
DA:352,0
DA:354,0
DA:355,0
DA:357,0
DA:358,0
DA:368,0
DA:369,0
DA:379,0
DA:380,0
DA:388,0
DA:389,0
LF:123
LH:0
BRDA:18,0,0,0
BRDA:34,1,0,0
BRDA:34,1,1,0
BRDA:52,2,0,0
BRDA:52,2,1,0
BRDA:128,3,0,0
BRDA:229,4,0,0
BRDA:285,5,0,0
BRDA:285,5,1,0
BRDA:290,6,0,0
BRDA:290,6,1,0
BRDA:314,7,0,0
BRDA:327,8,0,0
BRDA:327,8,1,0
BRDA:338,9,0,0
BRDA:354,10,0,0
BRDA:382,11,0,0
BRDA:382,11,1,0
BRF:18
BRH:0
end_of_record
TN:
SF:src/validation/auth.ts
FNF:0
FNH:0
DA:1,8
DA:4,8
DA:39,8
DA:45,8
DA:50,8
DA:67,8
LF:6
LH:6
BRF:0
BRH:0
end_of_record
TN:
SF:src/validation/comment.ts
FN:4,(anonymous_0)
FN:8,(anonymous_1)
FN:10,(anonymous_2)
FN:13,(anonymous_3)
FNF:4
FNH:1
FNDA:16,(anonymous_0)
FNDA:0,(anonymous_1)
FNDA:0,(anonymous_2)
FNDA:0,(anonymous_3)
DA:1,8
DA:4,8
DA:5,16
DA:8,0
DA:10,0
DA:13,0
DA:16,8
DA:26,8
DA:35,8
DA:42,8
DA:47,8
LF:11
LH:8
BRDA:4,0,0,0
BRDA:8,1,0,0
BRDA:8,1,1,0
BRDA:10,2,0,0
BRDA:10,2,1,0
BRF:5
BRH:0
end_of_record
TN:
SF:src/validation/index.ts
FN:17,(anonymous_4)
FN:21,(anonymous_5)
FN:23,(anonymous_6)
FN:26,(anonymous_7)
FN:48,(anonymous_8)
FN:53,(anonymous_9)
FN:57,(anonymous_10)
FNF:7
FNH:0
FNDA:0,(anonymous_4)
FNDA:0,(anonymous_5)
FNDA:0,(anonymous_6)
FNDA:0,(anonymous_7)
FNDA:0,(anonymous_8)
FNDA:0,(anonymous_9)
FNDA:0,(anonymous_10)
DA:2,0
DA:3,0
DA:4,0
DA:5,0
DA:6,0
DA:9,0
DA:12,0
DA:17,0
DA:18,0
DA:21,0
DA:23,0
DA:26,0
DA:29,0
DA:35,0
DA:43,0
DA:48,0
DA:53,0
DA:58,0
LF:18
LH:0
BRDA:17,0,0,0
BRDA:21,1,0,0
BRDA:21,1,1,0
BRDA:23,2,0,0
BRDA:23,2,1,0
BRDA:58,3,0,0
BRDA:58,3,1,0
BRDA:58,3,2,0
BRF:8
BRH:0
end_of_record
TN:
SF:src/validation/project.ts
FN:5,(anonymous_0)
FN:9,(anonymous_1)
FN:11,(anonymous_2)
FN:14,(anonymous_3)
FNF:4
FNH:1
FNDA:16,(anonymous_0)
FNDA:0,(anonymous_1)
FNDA:0,(anonymous_2)
FNDA:0,(anonymous_3)
DA:1,8
DA:2,8
DA:5,8
DA:6,16
DA:9,0
DA:11,0
DA:14,0
DA:17,8
DA:39,8
DA:62,8
DA:73,8
DA:78,8
DA:83,8
DA:88,8
LF:14
LH:11
BRDA:5,0,0,0
BRDA:9,1,0,0
BRDA:9,1,1,0
BRDA:11,2,0,0
BRDA:11,2,1,0
BRF:5
BRH:0
end_of_record
TN:
SF:src/validation/responses.ts
FN:100,(anonymous_0)
FN:114,(anonymous_1)
FNF:2
FNH:0
FNDA:0,(anonymous_0)
FNDA:0,(anonymous_1)
DA:1,0
DA:2,0
DA:5,0
DA:17,0
DA:46,0
DA:76,0
DA:91,0
DA:100,0
DA:103,0
DA:114,0
DA:115,0
DA:123,0
LF:12
LH:0
BRF:0
BRH:0
end_of_record
TN:
SF:src/validation/task.ts
FN:5,(anonymous_0)
FN:9,(anonymous_1)
FN:11,(anonymous_2)
FN:14,(anonymous_3)
FN:17,(anonymous_4)
FN:23,(anonymous_5)
FN:27,(anonymous_6)
FN:32,(anonymous_7)
FN:35,(anonymous_8)
FNF:9
FNH:3
FNDA:16,(anonymous_0)
FNDA:0,(anonymous_1)
FNDA:0,(anonymous_2)
FNDA:0,(anonymous_3)
FNDA:8,(anonymous_4)
FNDA:0,(anonymous_5)
FNDA:0,(anonymous_6)
FNDA:40,(anonymous_7)
FNDA:0,(anonymous_8)
DA:1,8
DA:2,8
DA:5,8
DA:6,16
DA:9,0
DA:11,0
DA:14,0
DA:17,8
DA:18,8
DA:24,0
DA:25,0
DA:27,0
DA:32,8
DA:33,40
DA:36,0
DA:37,0
DA:43,8
DA:67,8
DA:91,8
DA:109,8
DA:114,8
DA:119,8
LF:22
LH:14
BRDA:5,0,0,0
BRDA:9,1,0,0
BRDA:9,1,1,0
BRDA:11,2,0,0
BRDA:11,2,1,0
BRDA:24,3,0,0
BRDA:36,4,0,0
BRF:7
BRH:0
end_of_record
TN:
SF:src/validation/user.ts
FN:8,(anonymous_0)
FN:9,(anonymous_1)
FN:13,(anonymous_2)
FN:14,(anonymous_3)
FN:18,(anonymous_4)
FN:20,(anonymous_5)
FNF:6
FNH:0
FNDA:0,(anonymous_0)
FNDA:0,(anonymous_1)
FNDA:0,(anonymous_2)
FNDA:0,(anonymous_3)
FNDA:0,(anonymous_4)
FNDA:0,(anonymous_5)
DA:1,8
DA:4,8
DA:8,0
DA:9,0
DA:13,0
DA:14,0
DA:18,0
DA:20,0
DA:31,8
DA:53,8
LF:10
LH:4
BRDA:8,0,0,0
BRDA:8,0,1,0
BRDA:13,1,0,0
BRDA:13,1,1,0
BRDA:14,2,0,0
BRDA:14,2,1,0
BRDA:18,3,0,0
BRDA:18,3,1,0
BRDA:20,4,0,0
BRDA:20,4,1,0
BRF:10
BRH:0
end_of_record
